<?xml version="1.0" encoding="UTF-8"?>
<!-- Generated by org.testng.reporters.JUnitReportReporter -->
<testsuite hostname="sudhir-kumar" failures="0" tests="4" name="com.crm.qa.Testcases.LoginTest" time="164.391" errors="0" timestamp="2020-03-31T19:34:28 IST" skipped="0">
  <testcase classname="com.crm.qa.Testcases.LoginTest" name="Title" time="25.368"/>
  <system-out/>
  <testcase classname="com.crm.qa.Testcases.LoginTest" name="LogoTest" time="29.066"/>
  <system-out/>
  <testcase classname="com.crm.qa.Testcases.LoginTest" name="Signup" time="66.987"/>
  <system-out/>
  <testcase classname="com.crm.qa.Testcases.LoginTest" name="Login" time="42.970"/>
  <system-out/>
</testsuite> <!-- com.crm.qa.Testcases.LoginTest -->
