<?xml version="1.0" encoding="UTF-8"?>
<!-- Generated by org.testng.reporters.JUnitReportReporter -->
<testsuite hostname="sudhir-kumar" failures="0" tests="1" name="com.crm.qa.Testcases.ContactPageTest" time="33.016" errors="0" timestamp="2020-03-27T21:42:55 IST" skipped="0">
  <testcase classname="com.crm.qa.Testcases.ContactPageTest" name="EntryTest" time="33.016"/>
  <system-out/>
</testsuite> <!-- com.crm.qa.Testcases.ContactPageTest -->
